# ** Note: (vsim-220) 'C:/altera_lite/25.1std/questa_fse/win64/../modelsim.ini' is used as the ini file.
# vsim -c work.tb_hybrid_pso_fuzzy_export -wlf C:/Users/Ferna/Documents/FPGA_MPPT_FUZZY_PSO/results/Apr_2023.wlf -l C:/Users/Ferna/Documents/FPGA_MPPT_FUZZY_PSO/results/Apr_2023_vsim.log -do "run -all; quit -f" -gDATASET_FILE=C:/Users/Ferna/Documents/FPGA_MPPT_FUZZY_PSO/dados_pre_processados/Apr_2023_dataset.txt -gRESULT_FILE=C:/Users/Ferna/Documents/FPGA_MPPT_FUZZY_PSO/results/Apr_2023_results.txt 
# Start time: 00:03:31 on May 13,2026
# ** Note: (vsim-3813) Design is being optimized due to module recompilation...
# ** Note: (vopt-220) 'C:/altera_lite/25.1std/questa_fse/win64/../modelsim.ini' is used as the ini file.
# //  Questa Altera Starter FPGA Edition-64
# //  Version 2025.2 win64 May 31 2025
# //
# // Unpublished work. Copyright 2025 Siemens
# //
# // This material contains trade secrets or otherwise confidential information
# // owned by Siemens Industry Software Inc. or its affiliates (collectively,
# // "SISW"), or its licensors. Access to and use of this information is strictly
# // limited as set forth in the Customer's applicable agreements with SISW.
# //
# // This material may not be copied, distributed, or otherwise disclosed outside
# // of the Customer's facilities without the express written permission of SISW,
# // and may not be used in any way not expressly authorized by SISW.
# //
# Loading std.standard
# Loading std.textio(body)
# Loading ieee.std_logic_1164(body)
# Loading ieee.numeric_std(body)
# Loading work.hybrid_mppt_pkg(body)
# Loading work.tb_hybrid_pso_fuzzy_export(sim)#1
# Loading work.hybrid_pso_fuzzy_mppt(structural)#1
# run -all
# ** Failure: Simulation finished successfully.
#    Time: 11190270 ns  Iteration: 0  Process: /tb_hybrid_pso_fuzzy_export/stim_proc File: tb_hybrid_pso_fuzzy_export.vhd
# Break in Process stim_proc at tb_hybrid_pso_fuzzy_export.vhd line 257
# Stopped at tb_hybrid_pso_fuzzy_export.vhd line 257
#  quit -f
# End time: 00:07:53 on May 13,2026, Elapsed time: 0:04:22
# Errors: 1, Warnings: 0
